Export time: 2019/03/13 10:21:36 EDT
Export duration: 107.841s

Export settings:
	Export Geometry: Models with Shape Fallback
	Output Path: G:\GIS\Projects\2019\GIS\AR
	Simplify Terrain Meshes: true
	Terrain Layers: Export all selected terrain layers
	applicationName: CityEngine
	applicationString: CityEngine 2017.1.3674 1029R
	applicationVendor: Esri R&D Center Zurich Inc.
	applicationVersion: 2017.1.3674 10291850
	atlasAddWrapBorder: true
	author: dmaldonado
	baseName: AR_ModelCity
	collectTextures: true
	createTextureAtlases: false
	encoderID: com.esri.prt.codecs.OBJEncoder
	encoderName: Wavefront OBJ
	errorFallback: true
	existingFiles: OVERWRITE
	facesWithHoles: TRIANGULATE_FACES_WITH_HOLES
	fileGranularity: MEMORY_BUDGET
	globalOffset: [ 0.0, 0.0, 0.0 ]
	includeMaterials: true
	localOffset: NONE
	maxAtlasDim: 11
	memoryBudget: 500
	mergeNormals: true
	mergeTexcoords: true
	mergeVertices: true
	meshGranularity: PER_MATERIAL
	normalPrecision: 0.001
	sceneFile: /AR_ModelCity/scenes/AR_ModelCity.cej
	script: 
	shapeNameDelimiter: _
	texcoordPrecision: 1.0E-4
	textureCoordinates: FIRST
	triangulateMeshes: false
	vertexNormals: PASS
	vertexPrecision: 0.001
	writeLog: true

Initial shapes:
	  0 :   OK                'Shape'             OID '70c5d7d7-6756-11b2-9693-004cc84ad830:0'
	  1 :   OK                'Shape'             OID '70c5d7d7-6756-11b2-9693-004cc84ad830:1'
	  2 :   OK                'Shape'             OID '70c5d7d7-6756-11b2-9693-004cc84ad830:2'
	  3 :   OK                'Shape'             OID '70c5d7d7-6756-11b2-9693-004cc84ad830:3'
	  4 :   OK                'Shape'             OID '70c5d7d7-6756-11b2-9693-004cc84ad830:4'
	  5 :   OK                'Shape'             OID '72fd82b6-6756-11b2-9693-004cc84ad830:0'
	  6 :   OK                'Shape'             OID '72fd82b6-6756-11b2-9693-004cc84ad830:1'
	  7 :   OK                'Shape'             OID '72fd82b6-6756-11b2-9693-004cc84ad830:2'
	  8 :   OK                'Shape'             OID '72fd82b6-6756-11b2-9693-004cc84ad830:3'
	  9 :   OK                'Shape'             OID '72fd82b6-6756-11b2-9693-004cc84ad830:4'
	 10 :   OK                'Shape'             OID '72ff32dd-6756-11b2-9693-004cc84ad830:0'
	 11 :   OK                'Shape'             OID '72ff32dd-6756-11b2-9693-004cc84ad830:1'
	 12 :   OK                'Shape'             OID '72ff32dd-6756-11b2-9693-004cc84ad830:2'
	 13 :   OK                'Shape'             OID '76189ac4-6756-11b2-9693-004cc84ad830:0'
	 14 :   OK                'Shape'             OID '76189ac4-6756-11b2-9693-004cc84ad830:1'
	 15 :   OK                'Shape'             OID '76189ac4-6756-11b2-9693-004cc84ad830:2'
	 16 :   OK                'Shape'             OID '76189ac4-6756-11b2-9693-004cc84ad830:3'
	 17 :   OK                'Shape'             OID '76280a17-6756-11b2-9693-004cc84ad830:0'
	 18 :   OK                'Shape'             OID '76280a17-6756-11b2-9693-004cc84ad830:1'
	 19 :   OK                'Shape'             OID '76280a17-6756-11b2-9693-004cc84ad830:2'
	 20 :   OK                'Shape'             OID '76280a17-6756-11b2-9693-004cc84ad830:3'
	 21 :   OK                'Shape'             OID '76292e20-6756-11b2-9693-004cc84ad830:0'
	 22 :   OK                'Shape'             OID '76292e20-6756-11b2-9693-004cc84ad830:1'
	 23 :   OK                'Shape'             OID '76292e20-6756-11b2-9693-004cc84ad830:2'
	 24 :   OK                'Shape'             OID '8535c242-6756-11b2-9693-004cc84ad830:0'
	 25 :   OK                'Shape'             OID '8535c242-6756-11b2-9693-004cc84ad830:1'
	 26 :   OK                'Shape'             OID '8535c242-6756-11b2-9693-004cc84ad830:2'
	 27 :   OK                'Shape'             OID '8535c242-6756-11b2-9693-004cc84ad830:3'
	 28 :   OK                'Shape'             OID '85b45368-6756-11b2-9693-004cc84ad830:0'
	 29 :   OK                'Shape'             OID '85b45368-6756-11b2-9693-004cc84ad830:1'
	 30 :   OK                'Shape'             OID '85b45368-6756-11b2-9693-004cc84ad830:2'
	 31 :   OK                'Shape'             OID '85b45368-6756-11b2-9693-004cc84ad830:3'
	 32 :   OK                'Shape'             OID '85b45368-6756-11b2-9693-004cc84ad830:4'
	 33 :   OK                'Shape'             OID '85fe8404-6756-11b2-9693-004cc84ad830:0'
	 34 :   OK                'Shape'             OID '85fe8404-6756-11b2-9693-004cc84ad830:1'
	 35 :   OK                'Shape'             OID '85fe8404-6756-11b2-9693-004cc84ad830:2'
	 36 :   OK                'Shape'             OID '85fe8404-6756-11b2-9693-004cc84ad830:3'
	 37 :   OK                'Shape'             OID '85ffbfa6-6756-11b2-9693-004cc84ad830:0'
	 38 :   OK                'Shape'             OID '85ffbfa6-6756-11b2-9693-004cc84ad830:1'
	 39 :   OK                'Shape'             OID '85ffbfa6-6756-11b2-9693-004cc84ad830:2'
	 40 :   OK                'Shape'             OID '861b3231-6756-11b2-9693-004cc84ad830:0'
	 41 :   OK                'Shape'             OID '861b3231-6756-11b2-9693-004cc84ad830:1'
	 42 :   OK                'Shape'             OID '861b3231-6756-11b2-9693-004cc84ad830:2'
	 43 :   OK                'Shape'             OID '861b3231-6756-11b2-9693-004cc84ad830:3'
	 44 :   OK                'Shape'             OID '861b3231-6756-11b2-9693-004cc84ad830:4'
	 45 :   OK                'Shape'             OID '861c4193-6756-11b2-9693-004cc84ad830:0'
	 46 :   OK                'Shape'             OID '861c4193-6756-11b2-9693-004cc84ad830:1'
	 47 :   OK                'Shape'             OID '861c4193-6756-11b2-9693-004cc84ad830:2'
	 48 :   OK                'Shape'             OID '8638c674-6756-11b2-9693-004cc84ad830:0'
	 49 :   OK                'Shape'             OID '8638c674-6756-11b2-9693-004cc84ad830:1'
	 50 :   OK                'Shape'             OID '8638c674-6756-11b2-9693-004cc84ad830:2'
	 51 :   OK                'Shape'             OID '8fc9fc63-6756-11b2-9693-004cc84ad830:0'
	 52 :   OK                'Shape'             OID '8fc9fc63-6756-11b2-9693-004cc84ad830:1'
	 53 :   OK                'Shape'             OID '8fc9fc63-6756-11b2-9693-004cc84ad830:2'
	 54 :   OK                'Shape'             OID '8fc9fc63-6756-11b2-9693-004cc84ad830:3'
	 55 :   OK                'Shape'             OID '8fcbcff0-6756-11b2-9693-004cc84ad830:0'
	 56 :   OK                'Shape'             OID '8fcbcff0-6756-11b2-9693-004cc84ad830:1'
	 57 :   OK                'Shape'             OID '8fcbcff0-6756-11b2-9693-004cc84ad830:2'
	 58 :   OK                'Shape'             OID '8fda4be6-6756-11b2-9693-004cc84ad830:0'
	 59 :   OK                'Shape'             OID '8fda4be6-6756-11b2-9693-004cc84ad830:1'
	 60 :   OK                'Shape'             OID '8fda4be6-6756-11b2-9693-004cc84ad830:2'
	 61 :   OK                'Shape'             OID '8fda4be6-6756-11b2-9693-004cc84ad830:3'
	 62 :   OK                'Shape'             OID '8fdb5e3c-6756-11b2-9693-004cc84ad830:0'
	 63 :   OK                'Shape'             OID '8fdb5e3c-6756-11b2-9693-004cc84ad830:1'
	 64 :   OK                'Shape'             OID '8fdb5e3c-6756-11b2-9693-004cc84ad830:2'
	 65 :   OK                'Shape'             OID '8ff593ab-6756-11b2-9693-004cc84ad830:0'
	 66 :   OK                'Shape'             OID '8ff593ab-6756-11b2-9693-004cc84ad830:1'
	 67 :   OK                'Shape'             OID '8ff593ab-6756-11b2-9693-004cc84ad830:2'
	 68 :   OK                'Shape'             OID '8ff70a4d-6756-11b2-9693-004cc84ad830:0'
	 69 :   OK                'Shape'             OID '8ff70a4d-6756-11b2-9693-004cc84ad830:1'
	 70 :   OK                'Shape'             OID '8ff70a4d-6756-11b2-9693-004cc84ad830:2'
	 71 :   OK                'Shape'             OID '919b5905-6756-11b2-9693-004cc84ad830:0'
	 72 :   OK                'Shape'             OID '919b5905-6756-11b2-9693-004cc84ad830:1'
	 73 :   OK                'Shape'             OID '919b5905-6756-11b2-9693-004cc84ad830:2'
	 74 :   OK                'Shape'             OID '919b5905-6756-11b2-9693-004cc84ad830:3'
	 75 :   OK                'Shape'             OID '919c903a-6756-11b2-9693-004cc84ad830:0'
	 76 :   OK                'Shape'             OID '919c903a-6756-11b2-9693-004cc84ad830:1'
	 77 :   OK                'Shape'             OID '919c903a-6756-11b2-9693-004cc84ad830:2'
	 78 :   OK                'Shape'             OID '91cacdf9-6756-11b2-9693-004cc84ad830:0'
	 79 :   OK                'Shape'             OID '91cacdf9-6756-11b2-9693-004cc84ad830:1'
	 80 :   OK                'Shape'             OID '91cacdf9-6756-11b2-9693-004cc84ad830:2'
	 81 :   OK                'Shape'             OID '91cacdf9-6756-11b2-9693-004cc84ad830:3'
	 82 :   OK                'Shape'             OID '91cbd309-6756-11b2-9693-004cc84ad830:0'
	 83 :   OK                'Shape'             OID '91cbd309-6756-11b2-9693-004cc84ad830:1'
	 84 :   OK                'Shape'             OID '91cbd309-6756-11b2-9693-004cc84ad830:2'
	 85 :   OK                'Shape'             OID '91e51df5-6756-11b2-9693-004cc84ad830:0'
	 86 :   OK                'Shape'             OID '91e51df5-6756-11b2-9693-004cc84ad830:1'
	 87 :   OK                'Shape'             OID '91e51df5-6756-11b2-9693-004cc84ad830:2'
	 88 :   OK                'Shape'             OID '91e63631-6756-11b2-9693-004cc84ad830:0'
	 89 :   OK                'Shape'             OID '91e63631-6756-11b2-9693-004cc84ad830:1'
	 90 :   OK                'Shape'             OID '91e63631-6756-11b2-9693-004cc84ad830:2'
	 91 :   OK                'Shape'             OID '92127e77-6756-11b2-9693-004cc84ad830:0'
	 92 :   OK                'Shape'             OID '92127e77-6756-11b2-9693-004cc84ad830:1'
	 93 :   OK                'Shape'             OID '92127e77-6756-11b2-9693-004cc84ad830:2'
	 94 :   OK                'Shape'             OID '934644f3-6756-11b2-9693-004cc84ad830:0'
	 95 :   OK                'Shape'             OID '934644f3-6756-11b2-9693-004cc84ad830:1'
	 96 :   OK                'Shape'             OID '934644f3-6756-11b2-9693-004cc84ad830:2'
	 97 :   OK                'Shape'             OID '934644f3-6756-11b2-9693-004cc84ad830:3'
	 98 :   OK                'Shape'             OID '934644f3-6756-11b2-9693-004cc84ad830:4'
	 99 :   OK                'Shape'             OID '93477f1c-6756-11b2-9693-004cc84ad830:0'
	100 :   OK                'Shape'             OID '93477f1c-6756-11b2-9693-004cc84ad830:1'
	101 :   OK                'Shape'             OID '93477f1c-6756-11b2-9693-004cc84ad830:2'
	102 :   OK                'Shape'             OID '93585c37-6756-11b2-9693-004cc84ad830:0'
	103 :   OK                'Shape'             OID '93585c37-6756-11b2-9693-004cc84ad830:1'
	104 :   OK                'Shape'             OID '93585c37-6756-11b2-9693-004cc84ad830:2'
	105 :   OK                'Shape'             OID '93670a53-6756-11b2-9693-004cc84ad830:0'
	106 :   OK                'Shape'             OID '93670a53-6756-11b2-9693-004cc84ad830:1'
	107 :   OK                'Shape'             OID '93670a53-6756-11b2-9693-004cc84ad830:2'
	108 :   OK                'Shape'             OID '93670a53-6756-11b2-9693-004cc84ad830:3'
	109 :   OK                'Shape'             OID '9368d09a-6756-11b2-9693-004cc84ad830:0'
	110 :   OK                'Shape'             OID '9368d09a-6756-11b2-9693-004cc84ad830:1'
	111 :   OK                'Shape'             OID '9368d09a-6756-11b2-9693-004cc84ad830:2'
	112 :   OK                'Shape'             OID '9379a948-6756-11b2-9693-004cc84ad830:0'
	113 :   OK                'Shape'             OID '9379a948-6756-11b2-9693-004cc84ad830:1'
	114 :   OK                'Shape'             OID '9379a948-6756-11b2-9693-004cc84ad830:2'
	115 :   OK                'Shape'             OID '9388679d-6756-11b2-9693-004cc84ad830:0'
	116 :   OK                'Shape'             OID '9388679d-6756-11b2-9693-004cc84ad830:1'
	117 :   OK                'Shape'             OID '9388679d-6756-11b2-9693-004cc84ad830:2'
	118 :   OK                'Shape'             OID '9389e891-6756-11b2-9693-004cc84ad830:0'
	119 :   OK                'Shape'             OID '9389e891-6756-11b2-9693-004cc84ad830:1'
	120 :   OK                'Shape'             OID '9389e891-6756-11b2-9693-004cc84ad830:2'
	121 :   OK                'Shape'             OID '9395b9a4-6756-11b2-9693-004cc84ad830:0'
	122 :   OK                'Shape'             OID '9395b9a4-6756-11b2-9693-004cc84ad830:1'
	123 :   OK                'Shape'             OID '9395b9a4-6756-11b2-9693-004cc84ad830:2'
	124 :   OK                'Shape'             OID 'ac1c6941-6756-11b2-9693-004cc84ad830:0'
	125 :   OK                'Shape'             OID 'ac1c6941-6756-11b2-9693-004cc84ad830:1'
	126 :   OK                'Shape'             OID 'ac1c6941-6756-11b2-9693-004cc84ad830:2'
	127 :   OK                'Shape'             OID 'ac1c6941-6756-11b2-9693-004cc84ad830:3'
	128 :   OK                'Shape'             OID 'ac1c6941-6756-11b2-9693-004cc84ad830:4'
	129 :   OK                'Shape'             OID 'ac361e5f-6756-11b2-9693-004cc84ad830:0'
	130 :   OK                'Shape'             OID 'ac361e5f-6756-11b2-9693-004cc84ad830:1'
	131 :   OK                'Shape'             OID 'ac361e5f-6756-11b2-9693-004cc84ad830:2'
	132 :   OK                'Shape'             OID 'b3451a6e-6756-11b2-9693-004cc84ad830:0'
	133 :   OK                'Shape'             OID 'b3451a6e-6756-11b2-9693-004cc84ad830:1'
	134 :   OK                'Shape'             OID 'b3451a6e-6756-11b2-9693-004cc84ad830:2'
	135 :   OK                'Shape'             OID 'b3451a6e-6756-11b2-9693-004cc84ad830:3'
	136 :   OK                'Shape'             OID 'b3451a6e-6756-11b2-9693-004cc84ad830:4'
	137 :   OK                'Shape'             OID 'b3634c82-6756-11b2-9693-004cc84ad830:0'
	138 :   OK                'Shape'             OID 'b3634c82-6756-11b2-9693-004cc84ad830:1'
	139 :   OK                'Shape'             OID 'b3634c82-6756-11b2-9693-004cc84ad830:2'
	140 :   OK                'Shape'             OID 'ba081f9a-6756-11b2-9693-004cc84ad830:0'
	141 :   OK                'Shape'             OID 'ba081f9a-6756-11b2-9693-004cc84ad830:1'
	142 :   OK                'Shape'             OID 'ba081f9a-6756-11b2-9693-004cc84ad830:2'
	143 :   OK                'Shape'             OID 'ba081f9a-6756-11b2-9693-004cc84ad830:3'
	144 :   OK                'Shape'             OID 'ba08cc2b-6756-11b2-9693-004cc84ad830:2'
	145 :   OK                'Shape'             OID 'ba0a6c19-6756-11b2-9693-004cc84ad830:0'
	146 :   OK                'Shape'             OID 'ba0a6c19-6756-11b2-9693-004cc84ad830:1'
	147 :   OK                'Shape'             OID 'ba0a6c19-6756-11b2-9693-004cc84ad830:2'
	148 :   OK                'Shape'             OID 'ba0a881f-6756-11b2-9693-004cc84ad830:0'
	149 :   OK                'Shape'             OID 'ba0a881f-6756-11b2-9693-004cc84ad830:1'
	150 :   OK                'Shape'             OID 'ba0a881f-6756-11b2-9693-004cc84ad830:2'
	151 :   OK                'Shape'             OID 'baf572b5-6756-11b2-9693-004cc84ad830:0'
	152 :   OK                'Shape'             OID 'baf572b5-6756-11b2-9693-004cc84ad830:1'
	153 :   OK                'Shape'             OID 'baf572b5-6756-11b2-9693-004cc84ad830:2'
	154 :   OK                'Shape'             OID 'baf572b5-6756-11b2-9693-004cc84ad830:3'
	155 :   OK                'Shape'             OID 'baf7c227-6756-11b2-9693-004cc84ad830:0'
	156 :   OK                'Shape'             OID 'baf7c227-6756-11b2-9693-004cc84ad830:1'
	157 :   OK                'Shape'             OID 'baf7c227-6756-11b2-9693-004cc84ad830:2'
	158 :   OK                'Shape'             OID 'c0b8960b-6756-11b2-9693-004cc84ad830:0'
	159 :   OK                'Shape'             OID 'c0b8960b-6756-11b2-9693-004cc84ad830:1'
	160 :   OK                'Shape'             OID 'c0b8960b-6756-11b2-9693-004cc84ad830:2'
	161 :   OK                'Shape'             OID 'c0e9d147-6756-11b2-9693-004cc84ad830:0'
	162 :   OK                'Shape'             OID 'c0e9d147-6756-11b2-9693-004cc84ad830:1'
	163 :   OK                'Shape'             OID 'c0e9d147-6756-11b2-9693-004cc84ad830:2'
	164 :   OK                'Shape'             OID 'c2896f68-6756-11b2-9693-004cc84ad830:0'
	165 :   OK                'Shape'             OID 'c2896f68-6756-11b2-9693-004cc84ad830:1'
	166 :   OK                'Shape'             OID 'c2896f68-6756-11b2-9693-004cc84ad830:2'
	167 :   OK                'Shape'             OID 'c2896f68-6756-11b2-9693-004cc84ad830:3'
	168 :   OK                'Shape'             OID 'c29146c8-6756-11b2-9693-004cc84ad830:0'
	169 :   OK                'Shape'             OID 'c29146c8-6756-11b2-9693-004cc84ad830:1'
	170 :   OK                'Shape'             OID 'c29146c8-6756-11b2-9693-004cc84ad830:2'
	171 :   OK                'Shape'             OID 'c29146c8-6756-11b2-9693-004cc84ad830:3'
	172 :   OK                'Shape'             OID 'c29146c8-6756-11b2-9693-004cc84ad830:4'
	173 :   OK                'Shape'             OID 'c292257e-6756-11b2-9693-004cc84ad830:0'
	174 :   OK                'Shape'             OID 'c292257e-6756-11b2-9693-004cc84ad830:1'
	175 :   OK                'Shape'             OID 'c292257e-6756-11b2-9693-004cc84ad830:2'
	176 :   OK                'Shape'             OID 'c293db8c-6756-11b2-9693-004cc84ad830:0'
	177 :   OK                'Shape'             OID 'c293db8c-6756-11b2-9693-004cc84ad830:1'
	178 :   OK                'Shape'             OID 'c293db8c-6756-11b2-9693-004cc84ad830:2'
	179 :   OK                'Shape'             OID 'c293ebc5-6756-11b2-9693-004cc84ad830:0'
	180 :   OK                'Shape'             OID 'c293ebc5-6756-11b2-9693-004cc84ad830:1'
	181 :   OK                'Shape'             OID 'c293ebc5-6756-11b2-9693-004cc84ad830:2'
	182 :   OK                'Shape'             OID 'c2a54d9e-6756-11b2-9693-004cc84ad830:0'
	183 :   OK                'Shape'             OID 'c2a54d9e-6756-11b2-9693-004cc84ad830:1'
	184 :   OK                'Shape'             OID 'c2a54d9e-6756-11b2-9693-004cc84ad830:2'
	185 :   OK                'Shape'             OID 'c2a54d9e-6756-11b2-9693-004cc84ad830:3'
	186 :   OK                'Shape'             OID 'c2b23b5a-6756-11b2-9693-004cc84ad830:0'
	187 :   OK                'Shape'             OID 'c2b23b5a-6756-11b2-9693-004cc84ad830:1'
	188 :   OK                'Shape'             OID 'c2b23b5a-6756-11b2-9693-004cc84ad830:2'
	189 :   OK                'Shape'             OID 'c2bcde10-6756-11b2-9693-004cc84ad830:0'
	190 :   OK                'Shape'             OID 'c2bcde10-6756-11b2-9693-004cc84ad830:1'
	191 :   OK                'Shape'             OID 'c2bcde10-6756-11b2-9693-004cc84ad830:2'
	192 :   OK                'Shape'             OID 'c2cfdb6a-6756-11b2-9693-004cc84ad830:2'
	193 :   OK                'Shape'             OID 'c302d9f9-6756-11b2-9693-004cc84ad830:0'
	194 :   OK                'Shape'             OID 'c302d9f9-6756-11b2-9693-004cc84ad830:1'
	195 :   OK                'Shape'             OID 'c302d9f9-6756-11b2-9693-004cc84ad830:2'
	196 :   OK                'Shape'             OID '3a856405-6757-11b2-9693-004cc84ad830:0'
		CGA Warnings:
			[Method: 'Default$Trees'] scatter(): Processor::scatter(): number of points is zero, aborting execution.
	197 :   OK                'Shape'             OID '3a856405-6757-11b2-9693-004cc84ad830:2'
		CGA Warnings:
			[Method: 'Default$FewTrees'] scatter(): Processor::scatter(): number of points is zero, aborting execution.
	198 :   OK                'Shape'             OID '3a856405-6757-11b2-9693-004cc84ad830:3'
	199 :   OK                'Shape'             OID '3a856405-6757-11b2-9693-004cc84ad830:4'
		CGA Warnings:
			[Method: 'Default$Trees'] scatter(): Processor::scatter(): number of points is zero, aborting execution.
			[Method: 'Default$FewTrees'] scatter(): Processor::scatter(): number of points is zero, aborting execution.
	200 :   OK                'Shape'             OID '3a856405-6757-11b2-9693-004cc84ad830:5'
		CGA Warnings:
			[Method: 'Default$Trees'] scatter(): Processor::scatter(): number of points is zero, aborting execution.
	201 :   OK                'Shape'             OID '3a856405-6757-11b2-9693-004cc84ad830:6'
	202 :   OK                'Shape'             OID '3a856405-6757-11b2-9693-004cc84ad830:7'
	203 :   OK                'Shape'             OID '3a856405-6757-11b2-9693-004cc84ad830:8'
		CGA Warnings:
			[Method: 'Default$Trees'] scatter(): Processor::scatter(): number of points is zero, aborting execution.
	204 :   OK                'Shape'             OID '3a856405-6757-11b2-9693-004cc84ad830:9'
		CGA Warnings:
			[Method: 'Default$FewTrees'] scatter(): Processor::scatter(): number of points is zero, aborting execution.
			[Method: 'Default$Trees'] scatter(): Processor::scatter(): number of points is zero, aborting execution.
	205 :   OK                'Shape'             OID '3a856405-6757-11b2-9693-004cc84ad830:b'
	206 :   OK                'Shape'             OID '3a856405-6757-11b2-9693-004cc84ad830:c'
		CGA Warnings:
			[Method: 'Default$Trees'] scatter(): Processor::scatter(): number of points is zero, aborting execution.
			[Method: 'Default$FewTrees'] scatter(): Processor::scatter(): number of points is zero, aborting execution.
	207 :   OK                'Shape'             OID '3a856405-6757-11b2-9693-004cc84ad830:d'
	208 :   OK                'Shape'             OID '3a856405-6757-11b2-9693-004cc84ad830:e'
		CGA Warnings:
			[Method: 'Default$Trees'] scatter(): Processor::scatter(): number of points is zero, aborting execution.
	209 :   OK                'Shape'             OID '3a856405-6757-11b2-9693-004cc84ad830:f'
	210 :   OK                'Shape'             OID '3a856405-6757-11b2-9693-004cc84ad830:10'
		CGA Warnings:
			[Method: 'Default$Trees'] scatter(): Processor::scatter(): number of points is zero, aborting execution.
			[Method: 'Default$FewTrees'] scatter(): Processor::scatter(): number of points is zero, aborting execution.
	211 :   OK                'Shape'             OID '3a856405-6757-11b2-9693-004cc84ad830:11'
	212 :   OK                'Shape'             OID '3a856405-6757-11b2-9693-004cc84ad830:12'
	213 :   OK                'Shape'             OID '3a856405-6757-11b2-9693-004cc84ad830:13'
	214 :   OK                'Shape'             OID '3a856405-6757-11b2-9693-004cc84ad830:14'
	215 :   OK                'Shape'             OID '3a856405-6757-11b2-9693-004cc84ad830:15'
	216 :   OK                'Shape'             OID '3a856405-6757-11b2-9693-004cc84ad830:16'
	217 :   OK                'Shape'             OID '3a856405-6757-11b2-9693-004cc84ad830:17'
	218 :   OK                'Shape'             OID '3a9054e7-6757-11b2-9693-004cc84ad830:0'
		CGA Warnings:
			[Method: 'Default$FewTrees'] scatter(): Processor::scatter(): number of points is zero, aborting execution.
	219 :   OK                'Shape'             OID '3a9054e7-6757-11b2-9693-004cc84ad830:1'
	220 :   OK                'Shape'             OID '3a9054e7-6757-11b2-9693-004cc84ad830:2'
		CGA Warnings:
			[Method: 'Default$Trees'] scatter(): Processor::scatter(): number of points is zero, aborting execution.
	221 :   OK                'Shape'             OID '3b886838-6757-11b2-9693-004cc84ad830:1'
	222 :   OK                'Shape'             OID '3b8f3c01-6757-11b2-9693-004cc84ad830:0'
		CGA Warnings:
			[Method: 'Default$Trees'] scatter(): Processor::scatter(): number of points is zero, aborting execution.
	223 :   OK                'Shape'             OID '3b8f3c01-6757-11b2-9693-004cc84ad830:1'
	224 :   OK                'Shape'             OID '3b8f3c01-6757-11b2-9693-004cc84ad830:2'
		CGA Warnings:
			[Method: 'Default$FewTrees'] scatter(): Processor::scatter(): number of points is zero, aborting execution.
			[Method: 'Default$Trees'] scatter(): Processor::scatter(): number of points is zero, aborting execution.
	225 :   OK                'Shape'             OID '3b9793b2-6757-11b2-9693-004cc84ad830:0'
	226 :   OK                'Shape'             OID '3b9793b2-6757-11b2-9693-004cc84ad830:1'
	227 :   OK                'Shape'             OID '3b9793b2-6757-11b2-9693-004cc84ad830:2'
	228 :   OK                'Shape'             OID '3d9ca740-6757-11b2-9693-004cc84ad830:0'
		CGA Warnings:
			[Method: 'Default$Trees'] scatter(): Processor::scatter(): number of points is zero, aborting execution.
	229 :   OK                'Shape'             OID '3d9ca740-6757-11b2-9693-004cc84ad830:2'
	230 :   OK                'Shape'             OID '3dd51efd-6757-11b2-9693-004cc84ad830:1'
	231 :   OK                'Shape'             OID '3dd51efd-6757-11b2-9693-004cc84ad830:2'
		CGA Warnings:
			[Method: 'Default$Trees'] scatter(): Processor::scatter(): number of points is zero, aborting execution.
	232 :   OK                'Shape'             OID '3dd51efd-6757-11b2-9693-004cc84ad830:4'
		CGA Warnings:
			[Method: 'Default$Trees'] scatter(): Processor::scatter(): number of points is zero, aborting execution.
			[Method: 'Default$FewTrees'] scatter(): Processor::scatter(): number of points is zero, aborting execution.
	233 :   OK                'Shape'             OID '3fe7ea57-6757-11b2-9693-004cc84ad830:3'
	234 :   OK                'Shape'             OID '3fe7ea57-6757-11b2-9693-004cc84ad830:4'
	235 :   OK                'Shape'             OID '3fe7ea57-6757-11b2-9693-004cc84ad830:5'
		CGA Warnings:
			[Method: 'Default$FewTrees'] scatter(): Processor::scatter(): number of points is zero, aborting execution.
	236 :   OK                'Shape'             OID '3fe7ea57-6757-11b2-9693-004cc84ad830:6'
		CGA Warnings:
			[Method: 'Default$Trees'] scatter(): Processor::scatter(): number of points is zero, aborting execution.
	237 :   OK                'Shape'             OID '3fe7ea57-6757-11b2-9693-004cc84ad830:7'
	238 :   OK                'Shape'             OID '3fe7ea57-6757-11b2-9693-004cc84ad830:8'
	239 :   OK                'Shape'             OID '3fe7ea57-6757-11b2-9693-004cc84ad830:9'
		CGA Warnings:
			[Method: 'Default$Trees'] scatter(): Processor::scatter(): number of points is zero, aborting execution.
			[Method: 'Default$FewTrees'] scatter(): Processor::scatter(): number of points is zero, aborting execution.
	240 :   OK                'Shape'             OID '3fe7ea57-6757-11b2-9693-004cc84ad830:a'
		CGA Warnings:
			[Method: 'Default$Trees'] scatter(): Processor::scatter(): number of points is zero, aborting execution.
	241 :   OK                'Shape'             OID '40490f0d-6757-11b2-9693-004cc84ad830:0'
	242 :   OK                'Shape'             OID '40490f0d-6757-11b2-9693-004cc84ad830:1'
		CGA Warnings:
			[Method: 'Default$FewTrees'] scatter(): Processor::scatter(): number of points is zero, aborting execution.
	243 :   OK                'Shape'             OID '40490f0d-6757-11b2-9693-004cc84ad830:2'
	244 :   OK                'Shape'             OID '40490f0d-6757-11b2-9693-004cc84ad830:3'
		CGA Warnings:
			[Method: 'Default$Trees'] scatter(): Processor::scatter(): number of points is zero, aborting execution.
			[Method: 'Default$FewTrees'] scatter(): Processor::scatter(): number of points is zero, aborting execution.
	245 :   OK                'Shape'             OID '40490f0d-6757-11b2-9693-004cc84ad830:4'
		CGA Warnings:
			[Method: 'Default$Trees'] scatter(): Processor::scatter(): number of points is zero, aborting execution.
			[Method: 'Default$FewTrees'] scatter(): Processor::scatter(): number of points is zero, aborting execution.
	246 :   OK                'Shape'             OID '40490f0d-6757-11b2-9693-004cc84ad830:5'
		CGA Warnings:
			[Method: 'Default$Trees'] scatter(): Processor::scatter(): number of points is zero, aborting execution.
	247 :   OK                'Shape'             OID '40490f0d-6757-11b2-9693-004cc84ad830:6'
		CGA Warnings:
			[Method: 'Default$FewTrees'] scatter(): Processor::scatter(): number of points is zero, aborting execution.
			[Method: 'Default$Trees'] scatter(): Processor::scatter(): number of points is zero, aborting execution.
	248 :   OK                'Shape'             OID '40490f0d-6757-11b2-9693-004cc84ad830:7'
	249 :   OK                'Shape'             OID '40490f0d-6757-11b2-9693-004cc84ad830:8'
	250 :   OK                'Shape'             OID '40490f0d-6757-11b2-9693-004cc84ad830:9'
	251 :   OK                'Shape'             OID '40490f0d-6757-11b2-9693-004cc84ad830:a'
	252 :   OK                'Shape'             OID '405335de-6757-11b2-9693-004cc84ad830:0'
		CGA Warnings:
			[Method: 'Default$Trees'] scatter(): Processor::scatter(): number of points is zero, aborting execution.
			[Method: 'Default$FewTrees'] scatter(): Processor::scatter(): number of points is zero, aborting execution.
	253 :   OK                'Shape'             OID '405335de-6757-11b2-9693-004cc84ad830:2'
	254 :   OK                'Shape'             OID '405335de-6757-11b2-9693-004cc84ad830:3'
		CGA Warnings:
			[Method: 'Default$FewTrees'] scatter(): Processor::scatter(): number of points is zero, aborting execution.
			[Method: 'Default$Trees'] scatter(): Processor::scatter(): number of points is zero, aborting execution.
	255 :   OK                'Shape'             OID '40cae8e8-6757-11b2-9693-004cc84ad830:0'
	256 :   OK                'Shape'             OID '412c3b56-6757-11b2-9693-004cc84ad830:1'
		CGA Warnings:
			[Method: 'Default$Trees'] scatter(): Processor::scatter(): number of points is zero, aborting execution.
	257 :   OK                'Shape'             OID '412c3b56-6757-11b2-9693-004cc84ad830:2'
	258 :   OK                'Shape'             OID '412c3b56-6757-11b2-9693-004cc84ad830:4'
		CGA Warnings:
			[Method: 'Default$FewTrees'] scatter(): Processor::scatter(): number of points is zero, aborting execution.
			[Method: 'Default$Trees'] scatter(): Processor::scatter(): number of points is zero, aborting execution.
	259 :   OK                'Shape'             OID '44e3849b-6757-11b2-9693-004cc84ad830:0'
		CGA Warnings:
			[Method: 'Default$Trees'] scatter(): Processor::scatter(): number of points is zero, aborting execution.
	260 :   OK                'Shape'             OID '44e3849b-6757-11b2-9693-004cc84ad830:3'
		CGA Warnings:
			[Method: 'Default$Trees'] scatter(): Processor::scatter(): number of points is zero, aborting execution.

Assets with errors/warnings/infos:
	<initial shape geometry>:
		Warning: Geometry ' (mesh: Shape)' contained: 1 0-angles (removed); ; Geometry '' contained (0/0/3) unreferenced vertices/vertex normals/texture coordinates, they were removed.
		Warning: Geometry ' (mesh: Shape)' contained:  some inconsistent faces (split or removed); 1 0-angles (removed); ; Geometry '' contained (0/0/3) unreferenced vertices/vertex normals/texture coordinates, they were removed.
		Warning: Geometry ' (mesh: Shape)' contained:  some inconsistent faces (split or removed); ; Geometry '' contained (1/0/3) unreferenced vertices/vertex normals/texture coordinates, they were removed.
		Warning: Geometry ' (mesh: Shape)' contained: 1 0-angles (removed); 
		Warning: Geometry ' (mesh: Shape)' contained: 2 0-angles (removed); ; Geometry '' contained (0/0/3) unreferenced vertices/vertex normals/texture coordinates, they were removed.
		Warning: ; Geometry '' contained (1/0/3) unreferenced vertices/vertex normals/texture coordinates, they were removed.
		Warning: Geometry ' (mesh: Shape)' contained: 2 0-angles (removed); 
		Warning: Geometry ' (mesh: Shape)' contained:  some inconsistent faces (split or removed); 2 0-angles (removed); ; Geometry '' contained (0/0/6) unreferenced vertices/vertex normals/texture coordinates, they were removed.
		Warning: Geometry ' (mesh: Shape)' contained: 1 0-length edges (removed); ; Geometry '' contained (0/0/1) unreferenced vertices/vertex normals/texture coordinates, they were removed.


Files created:
	'AR_ModelCity_0.obj':
		Initial shapes:
			0, 1, 2, 3, 4, 5, 6, 7, 8, 9, 10, 11, 12, 13, 14, 15, 17, 16, 19, 18, 21, 20, 23, 22, 25, 24, 27, 26, 29, 28, 31, 30, 34, 35, 32, 33, 38, 39, 36, 37, 42, 43, 40, 41, 46, 47, 44, 45, 51, 50, 49, 48, 55, 54, 53, 52, 59, 58, 57, 56, 63, 62, 61, 60, 68, 69, 70, 71, 64, 65, 66, 67, 76, 77, 78, 79, 72, 73, 74, 75, 85, 84, 87, 86, 81, 80, 83, 82, 93, 92, 95, 94, 89, 88, 91, 90, 102, 103, 100, 101, 98, 99, 96, 97, 110, 111, 108, 109, 106, 107, 104, 105, 119, 118, 117, 116, 115, 114, 113, 112, 127, 126, 125, 124, 123, 122, 121, 120, 137, 136, 139, 138, 141, 140, 143, 142, 129, 128, 131, 130, 133, 132, 135, 134, 152, 153, 154, 155, 156, 157, 158, 159, 144, 145, 146, 147, 148, 149, 150, 151, 171, 170, 169, 168, 175, 174, 173, 172, 163, 162, 161, 160, 167, 166, 165, 164, 186, 187, 184, 185, 190, 191, 188, 189, 178, 179, 176, 177, 182, 183, 180, 181, 205, 204, 207, 206, 201, 200, 203, 202, 197, 196, 199, 198, 193, 192, 195, 194, 220, 221, 222, 223, 216, 217, 218, 219, 212, 213, 214, 215, 208, 209, 210, 211, 239, 238, 237, 236, 235, 234, 233, 232, 231, 230, 229, 228, 227, 226, 225, 224, 254, 255, 252, 253, 250, 251, 248, 249, 246, 247, 244, 245, 242, 243, 240, 241, 258, 259, 256, 257, 260, 
		GEOMETRY:
			Total Meshes: 264
			Total Polygons: 9460
			    | Name                        | Material               | Polygons 
			====+=============================+========================+==========
			  1  'mesh_CityEngineMaterial'     'CityEngineMaterial_169'         2 
			  2  'mesh_CityEngineMaterial_1'   'CityEngineMaterial_235'         6 
			  3  'mesh_CityEngineMaterial_2'   'CityEngineMaterial_74'         19 
			  4  'mesh_CityEngineMaterial_3'   'CityEngineMaterial_176'         8 
			  5  'mesh_CityEngineMaterial_4'   'CityEngineMaterial_224'         5 
			  6  'mesh_CityEngineMaterial_5'   'CityEngineMaterial_222'         8 
			  7  'mesh_CityEngineMaterial_6'   'CityEngineMaterial_85'         32 
			  8  'mesh_CityEngineMaterial_7'   'CityEngineMaterial_18'          4 
			  9  'mesh_CityEngineMaterial_8'   'CityEngineMaterial_11'          1 
			 10  'mesh_CityEngineMaterial_9'   'CityEngineMaterial_145'        46 
			 11  'mesh_CityEngineMaterial_10'  'CityEngineMaterial_206'        14 
			 12  'mesh_CityEngineMaterial_11'  'CityEngineMaterial_44'         16 
			 13  'mesh_CityEngineMaterial_12'  'CityEngineMaterial_135'         1 
			 14  'mesh_CityEngineMaterial_13'  'CityEngineMaterial_22'          3 
			 15  'mesh_CityEngineMaterial_14'  'CityEngineMaterial_51'          7 
			 16  'mesh_CityEngineMaterial_15'  'CityEngineMaterial_56'          4 
			 17  'mesh_CityEngineMaterial_16'  'CityEngineMaterial_106'         4 
			 18  'mesh_CityEngineMaterial_17'  'CityEngineMaterial_5'         169 
			 19  'mesh_CityEngineMaterial_18'  'CityEngineMaterial_48'          6 
			 20  'mesh_CityEngineMaterial_19'  'CityEngineMaterial_34'         12 
			 21  'mesh_CityEngineMaterial_20'  'CityEngineMaterial_131'         8 
			 22  'mesh_CityEngineMaterial_21'  'CityEngineMaterial_13'         13 
			 23  'mesh_CityEngineMaterial_22'  'CityEngineMaterial_62'          5 
			 24  'mesh_CityEngineMaterial_23'  'CityEngineMaterial_243'         1 
			 25  'mesh_CityEngineMaterial_24'  'CityEngineMaterial_71'          3 
			 26  'mesh_CityEngineMaterial_25'  'CityEngineMaterial_14'          4 
			 27  'mesh_CityEngineMaterial_26'  'CityEngineMaterial_35'          9 
			 28  'mesh_CityEngineMaterial_27'  'CityEngineMaterial_210'         3 
			 29  'mesh_CityEngineMaterial_28'  'CityEngineMaterial_201'         2 
			 30  'mesh_CityEngineMaterial_29'  'CityEngineMaterial_64'          2 
			 31  'mesh_CityEngineMaterial_30'  'CityEngineMaterial_102'         1 
			 32  'mesh_CityEngineMaterial_31'  'CityEngineMaterial_226'         1 
			 33  'mesh_CityEngineMaterial_32'  'CityEngineMaterial_107'         3 
			 34  'mesh_CityEngineMaterial_33'  'CityEngineMaterial_189'         7 
			 35  'mesh_CityEngineMaterial_34'  'CityEngineMaterial_215'         1 
			 36  'mesh_CityEngineMaterial_35'  'CityEngineMaterial_26'          3 
			 37  'mesh_CityEngineMaterial_36'  'CityEngineMaterial_72'          8 
			 38  'mesh_CityEngineMaterial_37'  'CityEngineMaterial_144'         2 
			 39  'mesh_CityEngineMaterial_38'  'CityEngineMaterial_29'          9 
			 40  'mesh_CityEngineMaterial_39'  'CityEngineMaterial_170'         1 
			 41  'mesh_CityEngineMaterial_40'  'CityEngineMaterial_213'         2 
			 42  'mesh_CityEngineMaterial_41'  'CityEngineMaterial_229'         2 
			 43  'mesh_CreateFan'              'CreateFan_10'                 152 
			 44  'mesh_CityEngineMaterial_42'  'CityEngineMaterial_45'          6 
			 45  'mesh_CityEngineMaterial_43'  'CityEngineMaterial_188'        10 
			 46  'mesh_CityEngineMaterial_44'  'CityEngineMaterial_247'         3 
			 47  'mesh_CityEngineMaterial_45'  'CityEngineMaterial_4'          53 
			 48  'mesh_CityEngineMaterial_46'  'CityEngineMaterial_8'          25 
			 49  'mesh_CityEngineMaterial_47'  'CityEngineMaterial_65'          3 
			 50  'mesh_CityEngineMaterial_48'  'CityEngineMaterial_84'          8 
			 51  'mesh_CityEngineMaterial_49'  'CityEngineMaterial_136'         2 
			 52  'mesh_CityEngineMaterial_50'  'CityEngineMaterial_244'         3 
			 53  'mesh_CityEngineMaterial_51'  'CityEngineMaterial_220'         9 
			 54  'mesh_CityEngineMaterial_52'  'CityEngineMaterial_37'          6 
			 55  'mesh_CityEngineMaterial_53'  'CityEngineMaterial_236'        14 
			 56  'mesh_CityEngineMaterial_54'  'CityEngineMaterial_70'         24 
			 57  'mesh_CityEngineMaterial_55'  'CityEngineMaterial_97'         26 
			 58  'mesh_CityEngineMaterial_56'  'CityEngineMaterial_197'         6 
			 59  'mesh_CityEngineMaterial_57'  'CityEngineMaterial_7'          20 
			 60  'mesh_CityEngineMaterial_58'  'CityEngineMaterial_30'          2 
			 61  'mesh_CityEngineMaterial_59'  'CityEngineMaterial_223'         3 
			 62  'mesh_CityEngineMaterial_60'  'CityEngineMaterial_209'         8 
			 63  'mesh_CityEngineMaterial_61'  'CityEngineMaterial_162'        28 
			 64  'mesh_CityEngineMaterial_62'  'CityEngineMaterial_79'          2 
			 65  'mesh_CityEngineMaterial_63'  'CityEngineMaterial_250'         7 
			 66  'mesh_CityEngineMaterial_64'  'CityEngineMaterial_41'         28 
			 67  'mesh_CityEngineMaterial_65'  'CityEngineMaterial_167'         3 
			 68  'mesh_CityEngineMaterial_66'  'CityEngineMaterial_9'           4 
			 69  'mesh_CityEngineMaterial_67'  'CityEngineMaterial_141'         2 
			 70  'mesh_CityEngineMaterial_68'  'CityEngineMaterial_161'         6 
			 71  'mesh_CityEngineMaterial_69'  'CityEngineMaterial_238'         2 
			 72  'mesh_CityEngineMaterial_70'  'CityEngineMaterial_242'        12 
			 73  'mesh_CityEngineMaterial_71'  'CityEngineMaterial_23'          8 
			 74  'mesh_CityEngineMaterial_72'  'CityEngineMaterial_89'          6 
			 75  'mesh_CityEngineMaterial_73'  'CityEngineMaterial_192'        14 
			 76  'mesh_CityEngineMaterial_74'  'CityEngineMaterial_40'          6 
			 77  'mesh_CityEngineMaterial_75'  'CityEngineMaterial_111'        13 
			 78  'mesh_CityEngineMaterial_76'  'CityEngineMaterial_54'         24 
			 79  'mesh_CityEngineMaterial_77'  'CityEngineMaterial_42'          3 
			 80  'mesh_CityEngineMaterial_78'  'CityEngineMaterial_16'          6 
			 81  'mesh_CityEngineMaterial_79'  'CityEngineMaterial_3'         704 
			 82  'mesh_CityEngineMaterial_80'  'CityEngineMaterial_87'          6 
			 83  'mesh_CityEngineMaterial_81'  'CityEngineMaterial_93'          6 
			 84  'mesh_CityEngineMaterial_82'  'CityEngineMaterial_245'        15 
			 85  'mesh_CreateFan_1'            'CreateFan_7'                  160 
			 86  'mesh_CityEngineMaterial_83'  'CityEngineMaterial_142'        12 
			 87  'mesh_CityEngineMaterial_84'  'CityEngineMaterial_178'         8 
			 88  'mesh_CityEngineMaterial_85'  'CityEngineMaterial_43'          8 
			 89  'mesh_CityEngineMaterial_86'  'CityEngineMaterial_138'        46 
			 90  'mesh_CreateFan_2'            'CreateFan_4'                  104 
			 91  'mesh_CityEngineMaterial_87'  'CityEngineMaterial_38'         34 
			 92  'mesh_CityEngineMaterial_88'  'CityEngineMaterial_231'        12 
			 93  'mesh_CityEngineMaterial_89'  'CityEngineMaterial_6'          24 
			 94  'mesh_CityEngineMaterial_90'  'CityEngineMaterial_158'         5 
			 95  'mesh_CityEngineMaterial_91'  'CityEngineMaterial_99'          3 
			 96  'mesh_CityEngineMaterial_92'  'CityEngineMaterial_133'         8 
			 97  'mesh_CityEngineMaterial_93'  'CityEngineMaterial_103'         2 
			 98  'mesh_CityEngineMaterial_94'  'CityEngineMaterial_92'          6 
			 99  'mesh_CityEngineMaterial_95'  'CityEngineMaterial_47'         23 
			100  'mesh_CityEngineMaterial_96'  'CityEngineMaterial_86'          6 
			101  'mesh_CityEngineMaterial_97'  'CityEngineMaterial_81'         12 
			102  'mesh_CityEngineMaterial_98'  'CityEngineMaterial_112'         4 
			103  'mesh_CityEngineMaterial_99'  'CityEngineMaterial_216'         8 
			104  'mesh_CityEngineMaterial_100' 'CityEngineMaterial_171'         3 
			105  'mesh_CityEngineMaterial_101' 'CityEngineMaterial_90'          4 
			106  'mesh_CityEngineMaterial_102' 'CityEngineMaterial_140'         6 
			107  'mesh_CityEngineMaterial_103' 'CityEngineMaterial_239'         4 
			108  'mesh_CityEngineMaterial_104' 'CityEngineMaterial_190'         3 
			109  'mesh_CityEngineMaterial_105' 'CityEngineMaterial_52'          6 
			110  'mesh_CityEngineMaterial_106' 'CityEngineMaterial_234'         2 
			111  'mesh_CityEngineMaterial_107' 'CityEngineMaterial_194'         5 
			112  'mesh_CityEngineMaterial_108' 'CityEngineMaterial_60'          6 
			113  'mesh_CityEngineMaterial_109' 'CityEngineMaterial_156'        16 
			114  'mesh_CityEngineMaterial_110' 'CityEngineMaterial_94'         28 
			115  'mesh_CityEngineMaterial_111' 'CityEngineMaterial_185'         4 
			116  'mesh_CityEngineMaterial_112' 'CityEngineMaterial_118'        20 
			117  'mesh_CityEngineMaterial_113' 'CityEngineMaterial_137'         7 
			118  'mesh_CityEngineMaterial_114' 'CityEngineMaterial_166'         8 
			119  'mesh_CityEngineMaterial_115' 'CityEngineMaterial_248'         6 
			120  'mesh_CityEngineMaterial_116' 'CityEngineMaterial_241'         7 
			121  'mesh_CityEngineMaterial_117' 'CityEngineMaterial_36'          2 
			122  'mesh_CityEngineMaterial_118' 'CityEngineMaterial_10'          8 
			123  'mesh_CityEngineMaterial_119' 'CityEngineMaterial_77'         49 
			124  'mesh_CityEngineMaterial_120' 'CityEngineMaterial_184'         6 
			125  'mesh_CityEngineMaterial_121' 'CityEngineMaterial_146'         9 
			126  'mesh_CityEngineMaterial_122' 'CityEngineMaterial_28'         14 
			127  'mesh_CityEngineMaterial_123' 'CityEngineMaterial_105'         8 
			128  'mesh_CityEngineMaterial_124' 'CityEngineMaterial_218'         5 
			129  'mesh_CityEngineMaterial_125' 'CityEngineMaterial_76'          6 
			130  'mesh_CityEngineMaterial_126' 'CityEngineMaterial_91'         53 
			131  'mesh_CityEngineMaterial_127' 'CityEngineMaterial_119'         3 
			132  'mesh_CreateFan_3'            'CreateFan_3'                  184 
			133  'mesh_CityEngineMaterial_128' 'CityEngineMaterial_61'         14 
			134  'mesh_CityEngineMaterial_129' 'CityEngineMaterial_83'          2 
			135  'mesh_CityEngineMaterial_130' 'CityEngineMaterial_127'        63 
			136  'mesh_CityEngineMaterial_131' 'CityEngineMaterial_179'        16 
			137  'mesh_CityEngineMaterial_132' 'CityEngineMaterial_153'        52 
			138  'mesh_CityEngineMaterial_133' 'CityEngineMaterial_249'        14 
			139  'mesh_CityEngineMaterial_134' 'CityEngineMaterial_230'         6 
			140  'mesh_CityEngineMaterial_135' 'CityEngineMaterial_129'        38 
			141  'mesh_CreateFan_4'            'CreateFan_2'                  152 
			142  'mesh_CityEngineMaterial_136' 'CityEngineMaterial_214'         6 
			143  'mesh_CityEngineMaterial_137' 'CityEngineMaterial_25'         24 
			144  'mesh_CityEngineMaterial_138' 'CityEngineMaterial'            45 
			145  'mesh_CityEngineMaterial_139' 'CityEngineMaterial_66'         10 
			146  'mesh_CityEngineMaterial_140' 'CityEngineMaterial_116'        34 
			147  'mesh_CityEngineMaterial_141' 'CityEngineMaterial_207'        14 
			148  'mesh_CityEngineMaterial_142' 'CityEngineMaterial_20'         26 
			149  'mesh_CityEngineMaterial_143' 'CityEngineMaterial_154'         4 
			150  'mesh_CityEngineMaterial_144' 'CityEngineMaterial_199'         9 
			151  'mesh_CityEngineMaterial_145' 'CityEngineMaterial_68'          2 
			152  'mesh_CityEngineMaterial_146' 'CityEngineMaterial_196'        27 
			153  'mesh_CityEngineMaterial_147' 'CityEngineMaterial_123'        16 
			154  'mesh_CityEngineMaterial_148' 'CityEngineMaterial_172'         3 
			155  'mesh_CityEngineMaterial_149' 'CityEngineMaterial_219'        14 
			156  'mesh_CityEngineMaterial_150' 'CityEngineMaterial_187'         4 
			157  'mesh_CityEngineMaterial_151' 'CityEngineMaterial_228'         6 
			158  'mesh_CityEngineMaterial_152' 'CityEngineMaterial_149'        11 
			159  'mesh_CityEngineMaterial_153' 'CityEngineMaterial_212'         8 
			160  'mesh_CityEngineMaterial_154' 'CityEngineMaterial_55'         12 
			161  'mesh_CreateFan_5'            'CreateFan'                    120 
			162  'mesh_CityEngineMaterial_155' 'CityEngineMaterial_195'         2 
			163  'mesh_CityEngineMaterial_156' 'CityEngineMaterial_78'          2 
			164  'mesh_CityEngineMaterial_157' 'CityEngineMaterial_126'         2 
			165  'mesh_CityEngineMaterial_158' 'CityEngineMaterial_160'         4 
			166  'mesh_CityEngineMaterial_159' 'CityEngineMaterial_80'          3 
			167  'mesh_CityEngineMaterial_160' 'CityEngineMaterial_237'         3 
			168  'mesh_CityEngineMaterial_161' 'CityEngineMaterial_2'        3758 
			169  'mesh_CityEngineMaterial_162' 'CityEngineMaterial_251'        15 
			170  'mesh_CityEngineMaterial_163' 'CityEngineMaterial_46'         10 
			171  'mesh_CityEngineMaterial_164' 'CityEngineMaterial_157'        16 
			172  'mesh_CityEngineMaterial_165' 'CityEngineMaterial_227'         3 
			173  'mesh_CreateFan_6'            'CreateFan_5'                  176 
			174  'mesh_CityEngineMaterial_166' 'CityEngineMaterial_148'         7 
			175  'mesh_CityEngineMaterial_167' 'CityEngineMaterial_150'         3 
			176  'mesh_CityEngineMaterial_168' 'CityEngineMaterial_198'         6 
			177  'mesh_CityEngineMaterial_169' 'CityEngineMaterial_191'         4 
			178  'mesh_CityEngineMaterial_170' 'CityEngineMaterial_221'         2 
			179  'mesh_CityEngineMaterial_171' 'CityEngineMaterial_174'         6 
			180  'mesh_CityEngineMaterial_172' 'CityEngineMaterial_180'         8 
			181  'mesh_CityEngineMaterial_173' 'CityEngineMaterial_117'         3 
			182  'mesh_CityEngineMaterial_174' 'CityEngineMaterial_69'          8 
			183  'mesh_CityEngineMaterial_175' 'CityEngineMaterial_124'         7 
			184  'mesh_CityEngineMaterial_176' 'CityEngineMaterial_202'         4 
			185  'mesh_CityEngineMaterial_177' 'CityEngineMaterial_164'         4 
			186  'mesh_CityEngineMaterial_178' 'CityEngineMaterial_208'         4 
			187  'mesh_CityEngineMaterial_179' 'CityEngineMaterial_49'         10 
			188  'mesh_CityEngineMaterial_180' 'CityEngineMaterial_15'          5 
			189  'mesh_CityEngineMaterial_181' 'CityEngineMaterial_31'          7 
			190  'mesh_CityEngineMaterial_182' 'CityEngineMaterial_134'        20 
			191  'mesh_CityEngineMaterial_183' 'CityEngineMaterial_159'         7 
			192  'mesh_CityEngineMaterial_184' 'CityEngineMaterial_128'         6 
			193  'mesh_CityEngineMaterial_185' 'CityEngineMaterial_104'         8 
			194  'mesh_CityEngineMaterial_186' 'CityEngineMaterial_115'        10 
			195  'mesh_CityEngineMaterial_187' 'CityEngineMaterial_203'         4 
			196  'mesh_CityEngineMaterial_188' 'CityEngineMaterial_19'         16 
			197  'mesh_CityEngineMaterial_189' 'CityEngineMaterial_108'         4 
			198  'mesh_CityEngineMaterial_190' 'CityEngineMaterial_109'         6 
			199  'mesh_CityEngineMaterial_191' 'CityEngineMaterial_24'         12 
			200  'mesh_CityEngineMaterial_192' 'CityEngineMaterial_88'         26 
			201  'mesh_CreateFan_7'            'CreateFan_6'                  200 
			202  'mesh_CityEngineMaterial_193' 'CityEngineMaterial_113'        48 
			203  'mesh_CityEngineMaterial_194' 'CityEngineMaterial_58'          6 
			204  'mesh_CityEngineMaterial_195' 'CityEngineMaterial_147'         4 
			205  'mesh_CityEngineMaterial_196' 'CityEngineMaterial_53'          4 
			206  'mesh_CityEngineMaterial_197' 'CityEngineMaterial_132'         3 
			207  'mesh_CreateFan_8'            'CreateFan_8'                  120 
			208  'mesh_CityEngineMaterial_198' 'CityEngineMaterial_211'         6 
			209  'mesh_CityEngineMaterial_199' 'CityEngineMaterial_200'        30 
			210  'mesh_CityEngineMaterial_200' 'CityEngineMaterial_155'         3 
			211  'mesh_CityEngineMaterial_201' 'CityEngineMaterial_163'         9 
			212  'mesh_CityEngineMaterial_202' 'CityEngineMaterial_175'         8 
			213  'mesh_CityEngineMaterial_203' 'CityEngineMaterial_120'         8 
			214  'mesh_CityEngineMaterial_204' 'CityEngineMaterial_246'         3 
			215  'mesh_CityEngineMaterial_205' 'CityEngineMaterial_165'        26 
			216  'mesh_CityEngineMaterial_206' 'CityEngineMaterial_177'         3 
			217  'mesh_CityEngineMaterial_207' 'CityEngineMaterial_125'         4 
			218  'mesh_CityEngineMaterial_208' 'CityEngineMaterial_181'         8 
			219  'mesh_CreateFan_9'            'CreateFan_9'                  168 
			220  'mesh_CityEngineMaterial_209' 'CityEngineMaterial_182'         2 
			221  'mesh_CityEngineMaterial_210' 'CityEngineMaterial_139'         2 
			222  'mesh_CityEngineMaterial_211' 'CityEngineMaterial_240'         2 
			223  'mesh_CityEngineMaterial_212' 'CityEngineMaterial_96'          8 
			224  'mesh_CityEngineMaterial_213' 'CityEngineMaterial_1'         287 
			225  'mesh_CityEngineMaterial_214' 'CityEngineMaterial_67'         37 
			226  'mesh_CityEngineMaterial_215' 'CityEngineMaterial_75'         36 
			227  'mesh_CityEngineMaterial_216' 'CityEngineMaterial_95'          4 
			228  'mesh_CityEngineMaterial_217' 'CityEngineMaterial_82'         26 
			229  'mesh_CityEngineMaterial_218' 'CityEngineMaterial_73'         10 
			230  'mesh_CityEngineMaterial_219' 'CityEngineMaterial_32'         31 
			231  'mesh_CityEngineMaterial_220' 'CityEngineMaterial_193'         7 
			232  'mesh_CityEngineMaterial_221' 'CityEngineMaterial_186'         2 
			233  'mesh_CityEngineMaterial_222' 'CityEngineMaterial_173'         6 
			234  'mesh_CityEngineMaterial_223' 'CityEngineMaterial_143'        15 
			235  'mesh_CityEngineMaterial_224' 'CityEngineMaterial_59'         18 
			236  'mesh_CityEngineMaterial_225' 'CityEngineMaterial_232'         3 
			237  'mesh_CityEngineMaterial_226' 'CityEngineMaterial_98'          6 
			238  'mesh_CityEngineMaterial_227' 'CityEngineMaterial_21'         11 
			239  'mesh_CityEngineMaterial_228' 'CityEngineMaterial_50'          3 
			240  'mesh_CityEngineMaterial_229' 'CityEngineMaterial_114'        10 
			241  'mesh_CityEngineMaterial_230' 'CityEngineMaterial_27'         12 
			242  'mesh_CityEngineMaterial_231' 'CityEngineMaterial_122'        10 
			243  'mesh_CreateFan_10'           'CreateFan_11'                 112 
			244  'mesh_CityEngineMaterial_232' 'CityEngineMaterial_130'         4 
			245  'mesh_CityEngineMaterial_233' 'CityEngineMaterial_168'         6 
			246  'mesh_CityEngineMaterial_234' 'CityEngineMaterial_110'         4 
			247  'mesh_CityEngineMaterial_235' 'CityEngineMaterial_33'         16 
			248  'mesh_CityEngineMaterial_236' 'CityEngineMaterial_63'          2 
			249  'mesh_CityEngineMaterial_237' 'CityEngineMaterial_12'          4 
			250  'mesh_CityEngineMaterial_238' 'CityEngineMaterial_225'        17 
			251  'mesh_CityEngineMaterial_239' 'CityEngineMaterial_57'          4 
			252  'mesh_CityEngineMaterial_240' 'CityEngineMaterial_217'         8 
			253  'mesh_CityEngineMaterial_241' 'CityEngineMaterial_233'         6 
			254  'mesh_CityEngineMaterial_242' 'CityEngineMaterial_151'        10 
			255  'mesh_CityEngineMaterial_243' 'CityEngineMaterial_204'        16 
			256  'mesh_CityEngineMaterial_244' 'CityEngineMaterial_121'         4 
			257  'mesh_CreateFan_11'           'CreateFan_1'                  296 
			258  'mesh_CityEngineMaterial_245' 'CityEngineMaterial_17'         46 
			259  'mesh_CityEngineMaterial_246' 'CityEngineMaterial_101'        12 
			260  'mesh_CityEngineMaterial_247' 'CityEngineMaterial_183'         2 
			261  'mesh_CityEngineMaterial_248' 'CityEngineMaterial_39'          2 
			262  'mesh_CityEngineMaterial_249' 'CityEngineMaterial_205'         7 
			263  'mesh_CityEngineMaterial_250' 'CityEngineMaterial_152'         4 
			264  'mesh_CityEngineMaterial_251' 'CityEngineMaterial_100'         4 
	'AR_ModelCity.mtl':
		MATERIAL:
			Total Materials: 264
			    | Name                   | Texture_0                            | Texture_1                    
			====+========================+======================================+==============================
			  1  'CityEngineMaterial_162' 'u_f003_t003_Storage_000.jpg'          ''                            
			  2  'CityEngineMaterial_23'  'flatRoof_31.jpg'                      'flatRoof_31.jpg'             
			  3  'CityEngineMaterial_196' 'u_f005_t005_Other_001.jpg'            ''                            
			  4  'CityEngineMaterial_20'  'u_f002_t002_Residential_003.jpg'      ''                            
			  5  'CityEngineMaterial_204' 'u_f006_t004_Office_000.jpg'           ''                            
			  6  'CityEngineMaterial_6'   'asphalt_painted_white_7x7m.jpg'       ''                            
			  7  'CityEngineMaterial_221' 'flatRoof_23.jpg'                      'flatRoof_23.jpg'             
			  8  'CityEngineMaterial_176' 'g_f001_t006_Service_003.jpg'          ''                            
			  9  'CityEngineMaterial_5'   'asphalt_14x14m.jpg'                   ''                            
			 10  'CityEngineMaterial_28'  'u_f002_t002_Residential_007.jpg'      ''                            
			 11  'CityEngineMaterial_128' 'g_f002_t003_Mercantile_001.jpg'       ''                            
			 12  'CityEngineMaterial_181' 'u_f003_t001_Residential_000.jpg'      ''                            
			 13  'CityEngineMaterial_61'  'u_f002_t002_Residential_001.jpg'      ''                            
			 14  'CityEngineMaterial_186' 'flatRoof_20.jpg'                      'flatRoof_20.jpg'             
			 15  'CityEngineMaterial_159' 'g_f002_t003_Mercantile_002.jpg'       ''                            
			 16  'CityEngineMaterial_50'  'parking_02.jpg'                       ''                            
			 17  'CityEngineMaterial_63'  'parking_01.jpg'                       ''                            
			 18  'CityEngineMaterial_21'  'parking_03.jpg'                       ''                            
			 19  'CityEngineMaterial_98'  'parking_03.jpg'                       ''                            
			 20  'CityEngineMaterial_33'  'parking_04.jpg'                       ''                            
			 21  'CityEngineMaterial_12'  'parking_01.jpg'                       ''                            
			 22  'CityEngineMaterial_240' 'flatRoof_15.jpg'                      'flatRoof_15.jpg'             
			 23  'CityEngineMaterial_224' 'g_f001_t006_Service_002.jpg'          ''                            
			 24  'CityEngineMaterial_222' 'g_f001_t006_Service_004.jpg'          ''                            
			 25  'CityEngineMaterial_30'  'flatRoof_17.jpg'                      'flatRoof_17.jpg'             
			 26  'CityEngineMaterial_124' 'flatRoof_30.jpg'                      'flatRoof_30.jpg'             
			 27  'CityEngineMaterial_31'  'g_f001_t006_Residential_026.jpg'      ''                            
			 28  'CityEngineMaterial_157' 'u_f004_t002_Agricultural_000.jpg'     ''                            
			 29  'CityEngineMaterial_218' 'ceramicRoof_4.jpg'                    'ceramicRoof_4.jpg'           
			 30  'CityEngineMaterial_77'  'u_f004_t003_Residential_000.jpg'      ''                            
			 31  'CityEngineMaterial_195' 'flatRoof_39.jpg'                      'flatRoof_39.jpg'             
			 32  'CreateFan_3'            'Elm_Billboard.png'                    'Elm_Billboard.png'           
			 33  'CityEngineMaterial_235' 'g_f003_t008_Industry_000.jpg'         ''                            
			 34  'CityEngineMaterial_117' 'flatRoof_29.jpg'                      'flatRoof_29.jpg'             
			 35  'CityEngineMaterial_85'  'u_f003_t003_Residential_005.jpg'      ''                            
			 36  'CityEngineMaterial_127' 'u_f011_t005_Residential_000.jpg'      ''                            
			 37  'CityEngineMaterial_167' 'flatRoof_20.jpg'                      'flatRoof_20.jpg'             
			 38  'CityEngineMaterial_75'  'u_f015_t011_Residential_000.jpg'      ''                            
			 39  'CityEngineMaterial_166' 'g_f001_t001_Utility_001.jpg'          ''                            
			 40  'CityEngineMaterial_132' 'flatRoof_38.jpg'                      'flatRoof_38.jpg'             
			 41  'CreateFan_4'            'Magnolia_Billboard.png'               'Magnolia_Billboard.png'      
			 42  'CreateFan_6'            'Ash_Billboard.png'                    'Ash_Billboard.png'           
			 43  'CityEngineMaterial_133' 'g_f001_t008_Other_000.jpg'            ''                            
			 44  'CityEngineMaterial_213' 'flatRoof_4.jpg'                       'flatRoof_4.jpg'              
			 45  'CityEngineMaterial_97'  'u_f004_t003_Service_000.jpg'          ''                            
			 46  'CityEngineMaterial_193' 'flatRoof_3.jpg'                       'flatRoof_3.jpg'              
			 47  'CityEngineMaterial_148' 'flatRoof_26.jpg'                      'flatRoof_26.jpg'             
			 48  'CityEngineMaterial_217' 'u_f001_t001_Agricultural_000.jpg'     ''                            
			 49  'CityEngineMaterial_58'  'g_f001_t004_Mercantile_008.jpg'       ''                            
			 50  'CityEngineMaterial_87'  'g_f001_t002_Residential_001.jpg'      ''                            
			 51  'CityEngineMaterial_93'  'g_f001_t002_Residential_000.jpg'      ''                            
			 52  'CityEngineMaterial_118' 'u_f006_t006_Residential_000.jpg'      ''                            
			 53  'CityEngineMaterial_1'   'lanes_4_stripes_white_14x14m.jpg'     ''                            
			 54  'CityEngineMaterial_191' 'g_f001_t006_Residential_005.jpg'      ''                            
			 55  'CityEngineMaterial_177' 'flatRoof_34.jpg'                      'flatRoof_34.jpg'             
			 56  'CityEngineMaterial_24'  'g_f001_t004_Industry_000.jpg'         ''                            
			 57  'CityEngineMaterial_99'  'flatRoof_3.jpg'                       'flatRoof_3.jpg'              
			 58  'CityEngineMaterial_80'  'flatRoof_5.jpg'                       'flatRoof_5.jpg'              
			 59  'CityEngineMaterial_32'  'u_f006_t011_Industry_000.jpg'         ''                            
			 60  'CityEngineMaterial_42'  'flatRoof_25.jpg'                      'flatRoof_25.jpg'             
			 61  'CityEngineMaterial_67'  'u_f003_t001_Assembly_000.jpg'         ''                            
			 62  'CityEngineMaterial_65'  'flatRoof_36.jpg'                      'flatRoof_36.jpg'             
			 63  'CityEngineMaterial_200' 'u_f002_t001_Industry_000.jpg'         ''                            
			 64  'CityEngineMaterial_46'  'g_f001_t012_Public_000.jpg'           ''                            
			 65  'CityEngineMaterial_197' 'ceramicRoof_6.jpg'                    'ceramicRoof_6.jpg'           
			 66  'CityEngineMaterial_125' 'g_f002_t006_Industry_003.jpg'         ''                            
			 67  'CreateFan_5'            'Juniper_Billboard.png'                'Juniper_Billboard.png'       
			 68  'CityEngineMaterial_230' 'g_f001_t014_Industry_000.jpg'         ''                            
			 69  'CityEngineMaterial_169' 'flatRoof_14.jpg'                      'flatRoof_14.jpg'             
			 70  'CityEngineMaterial_247' 'flatRoof_13.jpg'                      'flatRoof_13.jpg'             
			 71  'CityEngineMaterial_149' 'g_f001_t006_Mercantile_015.jpg'       ''                            
			 72  'CityEngineMaterial_109' 'g_f002_t006_Industry_002.jpg'         ''                            
			 73  'CreateFan_1'            'MapleSummer_Billboard.png'            'MapleSummer_Billboard.png'   
			 74  'CityEngineMaterial_134' 'u_f006_t006_Industry_001.jpg'         ''                            
			 75  'CityEngineMaterial_192' 'u_f009_t002_Residential_000.jpg'      ''                            
			 76  'CityEngineMaterial_250' 'g_f001_t006_Office_000.jpg'           ''                            
			 77  'CityEngineMaterial_2'   'curbs_2m.jpg'                         ''                            
			 78  'CityEngineMaterial_96'  'g_f001_t005_Industry_000.jpg'         ''                            
			 79  'CityEngineMaterial_150' 'flatRoof_28.jpg'                      'flatRoof_28.jpg'             
			 80  'CityEngineMaterial_139' 'flatRoof_37.jpg'                      'flatRoof_37.jpg'             
			 81  'CityEngineMaterial_78'  'flatRoof_24.jpg'                      'flatRoof_24.jpg'             
			 82  'CreateFan_9'            'Hickory_Billboard.png'                'Hickory_Billboard.png'       
			 83  'CityEngineMaterial_152' 'g_f001_t003_Residential_007.jpg'      ''                            
			 84  'CityEngineMaterial_100' 'g_f001_t003_Residential_009.jpg'      ''                            
			 85  'CityEngineMaterial_29'  'green_11.jpg'                         ''                            
			 86  'CityEngineMaterial_53'  'g_f001_t007_Mercantile_000.jpg'       ''                            
			 87  'CityEngineMaterial_84'  'g_f002_t002_Mercantile_000.jpg'       ''                            
			 88  'CityEngineMaterial_108' 'flatRoof_24.jpg'                      'flatRoof_24.jpg'             
			 89  'CityEngineMaterial_35'  'green_06.jpg'                         ''                            
			 90  'CityEngineMaterial_72'  'green_11.jpg'                         ''                            
			 91  'CityEngineMaterial_34'  'green_09.jpg'                         ''                            
			 92  'CityEngineMaterial_4'   'centerline_double_yellow_14m.jpg'     ''                            
			 93  'CityEngineMaterial_81'  'g_f001_t005_Mercantile_002.jpg'       ''                            
			 94  'CityEngineMaterial_111' 'flatRoof_12.jpg'                      'flatRoof_12.jpg'             
			 95  'CityEngineMaterial_161' 'g_f001_t006_Office_010.jpg'           ''                            
			 96  'CityEngineMaterial_48'  'green_09.jpg'                         ''                            
			 97  'CityEngineMaterial_13'  'green_09.jpg'                         ''                            
			 98  'CityEngineMaterial_51'  'green_02.jpg'                         ''                            
			 99  'CityEngineMaterial_14'  'green_06.jpg'                         ''                            
			100  'CityEngineMaterial_129' 'u_f002_t002_Residential_009.jpg'      ''                            
			101  'CityEngineMaterial_172' 'flatRoof_31.jpg'                      'flatRoof_31.jpg'             
			102  'CityEngineMaterial_105' 'u_f002_t002_Residential_006.jpg'      ''                            
			103  'CityEngineMaterial_71'  'green_09.jpg'                         ''                            
			104  'CityEngineMaterial_22'  'green_02.jpg'                         ''                            
			105  'CityEngineMaterial_64'  'green_06.jpg'                         ''                            
			106  'CityEngineMaterial_56'  'green_02.jpg'                         ''                            
			107  'CityEngineMaterial_238' 'flatRoof_39.jpg'                      'flatRoof_39.jpg'             
			108  'CreateFan_7'            'Linden_Billboard.png'                 'Linden_Billboard.png'        
			109  'CityEngineMaterial_60'  'g_f002_t004_Industry_000.jpg'         ''                            
			110  'CityEngineMaterial_36'  'flatRoof_27.jpg'                      'flatRoof_27.jpg'             
			111  'CityEngineMaterial_110' 'parking_04.jpg'                       ''                            
			112  'CityEngineMaterial_130' 'parking_05.jpg'                       ''                            
			113  'CityEngineMaterial_245' 'u_f004_t006_Assembly_000.jpg'         ''                            
			114  'CityEngineMaterial_57'  'flatRoof_35.jpg'                      'flatRoof_35.jpg'             
			115  'CityEngineMaterial_19'  'g_f002_t003_Mercantile_003.jpg'       ''                            
			116  'CityEngineMaterial_142' 'g_f001_t001_Mercantile_000.jpg'       ''                            
			117  'CityEngineMaterial_239' 'g_f001_t005_Mercantile_000.jpg'       ''                            
			118  'CityEngineMaterial_126' 'flatRoof_8.jpg'                       'flatRoof_8.jpg'              
			119  'CityEngineMaterial_135' 'green_02.jpg'                         ''                            
			120  'CityEngineMaterial_209' 'g_f001_t009_Service_000.jpg'          ''                            
			121  'CityEngineMaterial_114' 'parking_02.jpg'                       ''                            
			122  'CityEngineMaterial_11'  'lanes_4_stop_arrows_right_14x14m.jpg' ''                            
			123  'CityEngineMaterial_91'  'u_f009_t023_Utility_000.jpg'          ''                            
			124  'CityEngineMaterial_232' 'flatRoof_40.jpg'                      'flatRoof_40.jpg'             
			125  'CreateFan_10'           'OakRed_Billboard.png'                 'OakRed_Billboard.png'        
			126  'CityEngineMaterial_38'  'u_f002_t003_Residential_000.jpg'      ''                            
			127  'CityEngineMaterial_25'  'u_f015_t003_Office_000.jpg'           ''                            
			128  'CityEngineMaterial_41'  'u_f004_t006_Assembly_001.jpg'         ''                            
			129  'CityEngineMaterial_143' 'u_f001_t003_Residential_003.jpg'      ''                            
			130  'CreateFan_8'            'PineAustralian_Billboard.png'         'PineAustralian_Billboard.png'
			131  'CityEngineMaterial_173' 'g_f001_t005_Other_000.jpg'            ''                            
			132  'CityEngineMaterial'     'centerline_stripes_white_14m.jpg'     ''                            
			133  'CityEngineMaterial_88'  'u_f003_t003_Office_000.jpg'           ''                            
			134  'CityEngineMaterial_18'  'flatRoof_17.jpg'                      'flatRoof_17.jpg'             
			135  'CityEngineMaterial_138' 'u_f002_t003_Mercantile_001.jpg'       ''                            
			136  'CityEngineMaterial_234' 'flatRoof_30.jpg'                      'flatRoof_30.jpg'             
			137  'CityEngineMaterial_119' 'flatRoof_24.jpg'                      'flatRoof_24.jpg'             
			138  'CityEngineMaterial_94'  'u_f004_t002_Transport_000.jpg'        ''                            
			139  'CityEngineMaterial_201' 'green_06.jpg'                         ''                            
			140  'CityEngineMaterial_160' 'ceramicRoof_1.jpg'                    'ceramicRoof_1.jpg'           
			141  'CityEngineMaterial_37'  'g_f001_t006_Office_002.jpg'           ''                            
			142  'CityEngineMaterial_226' 'green_08.jpg'                         ''                            
			143  'CityEngineMaterial_215' 'green_08.jpg'                         ''                            
			144  'CityEngineMaterial_210' 'green_06.jpg'                         ''                            
			145  'CityEngineMaterial_194' 'g_f002_t001_Industry_000.jpg'         ''                            
			146  'CityEngineMaterial_16'  'g_f001_t001_Mercantile_005.jpg'       ''                            
			147  'CreateFan'              'Sycamore_Billboard.png'               'Sycamore_Billboard.png'      
			148  'CityEngineMaterial_188' 'u_f003_t003_Residential_002.jpg'      ''                            
			149  'CityEngineMaterial_185' 'u_f002_t002_Utility_002.jpg'          ''                            
			150  'CityEngineMaterial_206' 'u_f003_t003_Residential_000.jpg'      ''                            
			151  'CityEngineMaterial_44'  'u_f003_t003_Residential_003.jpg'      ''                            
			152  'CityEngineMaterial_153' 'u_f022_t014_Residential_000.jpg'      ''                            
			153  'CityEngineMaterial_79'  'flatRoof_15.jpg'                      'flatRoof_15.jpg'             
			154  'CityEngineMaterial_59'  'u_f004_t003_Other_000.jpg'            ''                            
			155  'CityEngineMaterial_8'   'crosswalk_continental_white.jpg'      ''                            
			156  'CityEngineMaterial_52'  'flatRoof_32.jpg'                      'flatRoof_32.jpg'             
			157  'CityEngineMaterial_17'  'u_f003_t002_Residential_003.jpg'      ''                            
			158  'CityEngineMaterial_147' 'g_f001_t006_Industry_002.jpg'         ''                            
			159  'CityEngineMaterial_106' 'green_02.jpg'                         ''                            
			160  'CityEngineMaterial_107' 'green_08.jpg'                         ''                            
			161  'CityEngineMaterial_102' 'green_08.jpg'                         ''                            
			162  'CityEngineMaterial_174' 'g_f001_t003_Industry_001.jpg'         ''                            
			163  'CityEngineMaterial_189' 'green_08.jpg'                         ''                            
			164  'CityEngineMaterial_131' 'green_09.jpg'                         ''                            
			165  'CityEngineMaterial_112' 'g_f001_t006_Residential_016.jpg'      ''                            
			166  'CityEngineMaterial_237' 'flatRoof_33.jpg'                      'flatRoof_33.jpg'             
			167  'CityEngineMaterial_40'  'g_f001_t001_Mercantile_003.jpg'       ''                            
			168  'CityEngineMaterial_246' 'flatRoof_2.jpg'                       'flatRoof_2.jpg'              
			169  'CityEngineMaterial_223' 'flatRoof_13.jpg'                      'flatRoof_13.jpg'             
			170  'CityEngineMaterial_171' 'flatRoof_12.jpg'                      'flatRoof_12.jpg'             
			171  'CityEngineMaterial_123' 'u_f006_t006_Office_003.jpg'           ''                            
			172  'CityEngineMaterial_170' 'green_11.jpg'                         ''                            
			173  'CityEngineMaterial_26'  'flatRoof_11.jpg'                      'flatRoof_11.jpg'             
			174  'CityEngineMaterial_243' 'green_01.jpg'                         ''                            
			175  'CityEngineMaterial_113' 'u_f016_t003_Residential_000.jpg'      ''                            
			176  'CityEngineMaterial_62'  'green_09.jpg'                         ''                            
			177  'CityEngineMaterial_7'   'lanes_4_stop_word_14x14m.jpg'         ''                            
			178  'CityEngineMaterial_156' 'g_f001_t006_Residential_011.jpg'      ''                            
			179  'CityEngineMaterial_151' 'flatRoof_37.jpg'                      'flatRoof_37.jpg'             
			180  'CityEngineMaterial_115' 'g_f001_t006_Residential_027.jpg'      ''                            
			181  'CityEngineMaterial_70'  'u_f004_t006_Industry_001.jpg'         ''                            
			182  'CityEngineMaterial_225' 'u_f009_t006_Residential_000.jpg'      ''                            
			183  'CityEngineMaterial_168' 'g_f001_t003_Mercantile_009.jpg'       ''                            
			184  'CityEngineMaterial_183' 'flatRoof_13.jpg'                      'flatRoof_13.jpg'             
			185  'CityEngineMaterial_95'  'flatRoof_3.jpg'                       'flatRoof_3.jpg'              
			186  'CityEngineMaterial_90'  'g_f001_t002_Mercantile_000.jpg'       ''                            
			187  'CityEngineMaterial_155' 'flatRoof_37.jpg'                      'flatRoof_37.jpg'             
			188  'CityEngineMaterial_219' 'g_f001_t006_Mercantile_011.jpg'       ''                            
			189  'CityEngineMaterial_228' 'g_f001_t006_Mercantile_012.jpg'       ''                            
			190  'CityEngineMaterial_211' 'ceramicRoof_2.jpg'                    'ceramicRoof_2.jpg'           
			191  'CityEngineMaterial_241' 'g_f001_t006_Service_012.jpg'          ''                            
			192  'CityEngineMaterial_140' 'g_f001_t002_Mercantile_004.jpg'       ''                            
			193  'CityEngineMaterial_144' 'green_11.jpg'                         ''                            
			194  'CityEngineMaterial_158' 'flatRoof_2.jpg'                       'flatRoof_2.jpg'              
			195  'CityEngineMaterial_69'  'g_f001_t004_Residential_000.jpg'      ''                            
			196  'CityEngineMaterial_178' 'g_f001_t001_Mercantile_007.jpg'       ''                            
			197  'CityEngineMaterial_141' 'flatRoof_18.jpg'                      'flatRoof_18.jpg'             
			198  'CityEngineMaterial_190' 'flatRoof_3.jpg'                       'flatRoof_3.jpg'              
			199  'CityEngineMaterial_10'  'lanes_4_stop_14x14m.jpg'              ''                            
			200  'CityEngineMaterial_207' 'u_f002_t002_Residential_010.jpg'      ''                            
			201  'CityEngineMaterial_249' 'u_f002_t002_Residential_000.jpg'      ''                            
			202  'CityEngineMaterial_182' 'flatRoof_39.jpg'                      'flatRoof_39.jpg'             
			203  'CityEngineMaterial_121' 'flatRoof_31.jpg'                      'flatRoof_31.jpg'             
			204  'CityEngineMaterial_233' 'g_f001_t005_Residential_002.jpg'      ''                            
			205  'CityEngineMaterial_227' 'flatRoof_36.jpg'                      'flatRoof_36.jpg'             
			206  'CityEngineMaterial_104' 'g_f001_t006_Residential_007.jpg'      ''                            
			207  'CityEngineMaterial_54'  'u_f012_t011_Residential_000.jpg'      ''                            
			208  'CityEngineMaterial_45'  'flatRoof_11.jpg'                      'flatRoof_11.jpg'             
			209  'CityEngineMaterial_164' 'g_f002_t007_Industry_000.jpg'         ''                            
			210  'CityEngineMaterial_244' 'flatRoof_20.jpg'                      'flatRoof_20.jpg'             
			211  'CityEngineMaterial_184' 'g_f003_t009_Educational_000.jpg'      ''                            
			212  'CityEngineMaterial_86'  'flatRoof_25.jpg'                      'flatRoof_25.jpg'             
			213  'CityEngineMaterial_27'  'g_f001_t003_Mercantile_002.jpg'       ''                            
			214  'CityEngineMaterial_231' 'u_f003_t003_Educational_001.jpg'      ''                            
			215  'CreateFan_11'           'Chestnut_Billboard.png'               'Chestnut_Billboard.png'      
			216  'CityEngineMaterial_101' 'u_f016_t004_Office_000.jpg'           ''                            
			217  'CityEngineMaterial_163' 'flatRoof_1.jpg'                       'flatRoof_1.jpg'              
			218  'CreateFan_2'            'PineCedar_Billboard.png'              'PineCedar_Billboard.png'     
			219  'CityEngineMaterial_120' 'g_f001_t003_Educational_000.jpg'      ''                            
			220  'CityEngineMaterial_73'  'flatRoof_27.jpg'                      'flatRoof_27.jpg'             
			221  'CityEngineMaterial_198' 'g_f001_t006_Residential_024.jpg'      ''                            
			222  'CityEngineMaterial_216' 'g_f001_t006_Residential_014.jpg'      ''                            
			223  'CityEngineMaterial_242' 'u_f004_t006_Educational_000.jpg'      ''                            
			224  'CityEngineMaterial_165' 'u_f017_t010_Industry_000.jpg'         ''                            
			225  'CityEngineMaterial_208' 'flatRoof_16.jpg'                      'flatRoof_16.jpg'             
			226  'CityEngineMaterial_146' 'flatRoof_12.jpg'                      'flatRoof_12.jpg'             
			227  'CityEngineMaterial_203' 'g_f001_t006_Residential_028.jpg'      ''                            
			228  'CityEngineMaterial_103' 'flatRoof_3.jpg'                       'flatRoof_3.jpg'              
			229  'CityEngineMaterial_248' 'g_f001_t004_Mercantile_011.jpg'       ''                            
			230  'CityEngineMaterial_205' 'flatRoof_1.jpg'                       'flatRoof_1.jpg'              
			231  'CityEngineMaterial_214' 'g_f001_t004_Mercantile_010.jpg'       ''                            
			232  'CityEngineMaterial_202' 'flatRoof_40.jpg'                      'flatRoof_40.jpg'             
			233  'CityEngineMaterial_89'  'flatRoof_34.jpg'                      'flatRoof_34.jpg'             
			234  'CityEngineMaterial_3'   'pavement_01_2x2m.jpg'                 ''                            
			235  'CityEngineMaterial_116' 'u_f002_t002_Residential_004.jpg'      ''                            
			236  'CityEngineMaterial_251' 'u_f003_t004_Industry_001.jpg'         ''                            
			237  'CityEngineMaterial_137' 'g_f002_t005_Educational_000.jpg'      ''                            
			238  'CityEngineMaterial_145' 'u_f004_t004_Agricultural_000.jpg'     ''                            
			239  'CityEngineMaterial_82'  'u_f002_t003_Public_000.jpg'           ''                            
			240  'CityEngineMaterial_236' 'u_f004_t006_Industry_003.jpg'         ''                            
			241  'CityEngineMaterial_47'  'u_f004_t005_Office_000.jpg'           ''                            
			242  'CityEngineMaterial_212' 'g_f001_t006_Mercantile_016.jpg'       ''                            
			243  'CityEngineMaterial_66'  'g_f001_t009_Transport_000.jpg'        ''                            
			244  'CityEngineMaterial_74'  'g_f001_t006_Service_001.jpg'          ''                            
			245  'CityEngineMaterial_15'  'flatRoof_22.jpg'                      'flatRoof_22.jpg'             
			246  'CityEngineMaterial_49'  'g_f001_t006_Residential_000.jpg'      ''                            
			247  'CityEngineMaterial_68'  'flatRoof_14.jpg'                      'flatRoof_14.jpg'             
			248  'CityEngineMaterial_220' 'u_f001_t002_Residential_004.jpg'      ''                            
			249  'CityEngineMaterial_180' 'g_f002_t004_Mercantile_003.jpg'       ''                            
			250  'CityEngineMaterial_76'  'g_f001_t006_Service_010.jpg'          ''                            
			251  'CityEngineMaterial_136' 'flatRoof_4.jpg'                       'flatRoof_4.jpg'              
			252  'CityEngineMaterial_187' 'g_f001_t006_Mercantile_026.jpg'       ''                            
			253  'CityEngineMaterial_9'   'lanes_4_stop_arrows_all_14x14m.jpg'   ''                            
			254  'CityEngineMaterial_199' 'g_f001_t006_Mercantile_021.jpg'       ''                            
			255  'CityEngineMaterial_39'  'flatRoof_38.jpg'                      'flatRoof_38.jpg'             
			256  'CityEngineMaterial_179' 'u_f005_t005_Office_000.jpg'           ''                            
			257  'CityEngineMaterial_83'  'flatRoof_32.jpg'                      'flatRoof_32.jpg'             
			258  'CityEngineMaterial_92'  'flatRoof_15.jpg'                      'flatRoof_15.jpg'             
			259  'CityEngineMaterial_154' 'flatRoof_13.jpg'                      'flatRoof_13.jpg'             
			260  'CityEngineMaterial_43'  'g_f001_t003_Unknown_000.jpg'          ''                            
			261  'CityEngineMaterial_229' 'flatRoof_21.jpg'                      'flatRoof_21.jpg'             
			262  'CityEngineMaterial_55'  'flatRoof_7.jpg'                       'flatRoof_7.jpg'              
			263  'CityEngineMaterial_175' 'flatRoof_5.jpg'                       'flatRoof_5.jpg'              
			264  'CityEngineMaterial_122' 'g_f001_t003_Mercantile_003.jpg'       ''                            